03/14/2023 11:20:52 AM: INFO: ************test_homepage_title_validation********
03/14/2023 11:21:31 AM: INFO: ************test_homepage_title_validation********
03/14/2023 11:24:13 AM: INFO: ************Test_LoginTC/test_homepage_title_validation********
03/14/2023 11:35:44 AM: INFO: ************Test_LoginTC/test_homepage_title_validation********
03/14/2023 11:39:56 AM: INFO: ************Test_LoginTC/test_homepage_title_validation********
03/14/2023 11:40:49 AM: INFO: ************Test_LoginTC/test_homepage_title_validation********
03/14/2023 12:26:06 PM: INFO: ************Test_LoginTC/test_homepage_title_validation********
03/14/2023 06:49:04 PM: INFO: ************Test_LoginTC/test_homepage_title_validation********
03/14/2023 06:51:00 PM: INFO: ************Test_LoginTC/test_homepage_title_validation********
03/14/2023 07:00:40 PM: INFO: ************Test_LoginTC/test_homepage_title_validation********
03/14/2023 07:01:18 PM: INFO: ************Test_LoginTC/test_homepage_title_validation********
03/14/2023 07:06:18 PM: INFO: ************Test_LoginTC/test_homepage_title_validation********
03/14/2023 10:42:42 PM: INFO: ********Test_AddnewCustomer/test_addNewCustomer method*********
03/14/2023 10:42:53 PM: INFO: *******Test_AddnewCustomer/Login Successful msg*******
03/14/2023 10:56:20 PM: INFO: ********Test_AddnewCustomer/test_addNewCustomer method*********
03/14/2023 10:56:29 PM: INFO: *******Test_AddnewCustomer/Login Successful msg*******
03/14/2023 11:05:10 PM: INFO: ********Test_AddnewCustomer/test_addNewCustomer method*********
03/14/2023 11:05:20 PM: INFO: *******Test_AddnewCustomer/Login Successful msg*******
03/14/2023 11:07:23 PM: INFO: ********Test_AddnewCustomer/test_addNewCustomer method*********
03/14/2023 11:07:32 PM: INFO: *******Test_AddnewCustomer/Login Successful msg*******
03/14/2023 11:09:09 PM: INFO: ********Test_AddnewCustomer/test_addNewCustomer method*********
03/14/2023 11:09:25 PM: INFO: *******Test_AddnewCustomer/Login Successful msg*******
03/14/2023 11:21:44 PM: INFO: ********Test_AddnewCustomer/test_addNewCustomer method*********
03/14/2023 11:21:55 PM: INFO: *******Test_AddnewCustomer/Login Successful msg*******
03/14/2023 11:27:20 PM: INFO: ********Test_AddnewCustomer/test_addNewCustomer method*********
03/14/2023 11:27:29 PM: INFO: *******Test_AddnewCustomer/Login Successful msg*******
03/14/2023 11:28:29 PM: INFO: ********Test_AddnewCustomer/test_addNewCustomer method*********
03/14/2023 11:28:36 PM: INFO: *******Test_AddnewCustomer/Login Successful msg*******
03/14/2023 11:32:13 PM: INFO: ********Test_AddnewCustomer/test_addNewCustomer method*********
03/14/2023 11:32:22 PM: INFO: *******Test_AddnewCustomer/Login Successful msg*******
03/14/2023 11:33:17 PM: INFO: ********Test_AddnewCustomer/test_addNewCustomer method*********
03/14/2023 11:33:25 PM: INFO: *******Test_AddnewCustomer/Login Successful msg*******
03/14/2023 11:37:14 PM: INFO: ********Test_AddnewCustomer/test_addNewCustomer method*********
03/14/2023 11:37:22 PM: INFO: *******Test_AddnewCustomer/Login Successful msg*******
03/14/2023 11:38:09 PM: INFO: ********Test_AddnewCustomer/test_addNewCustomer method*********
03/14/2023 11:38:20 PM: INFO: *******Test_AddnewCustomer/Login Successful msg*******
03/14/2023 11:40:05 PM: INFO: ********Test_AddnewCustomer/test_addNewCustomer method*********
03/14/2023 11:40:11 PM: INFO: *******Test_AddnewCustomer/Login Successful msg*******
03/14/2023 11:41:58 PM: INFO: ********Test_AddnewCustomer/test_addNewCustomer method*********
03/14/2023 11:42:07 PM: INFO: *******Test_AddnewCustomer/Login Successful msg*******
03/14/2023 11:46:17 PM: INFO: ********Test_AddnewCustomer/test_addNewCustomer method*********
03/14/2023 11:46:26 PM: INFO: *******Test_AddnewCustomer/Login Successful msg*******
03/14/2023 11:47:12 PM: INFO: ********Test_AddnewCustomer/test_addNewCustomer method*********
03/14/2023 11:47:18 PM: INFO: *******Test_AddnewCustomer/Login Successful msg*******
03/14/2023 11:47:54 PM: INFO: ********Test_AddnewCustomer/test_addNewCustomer method*********
03/14/2023 11:48:04 PM: INFO: *******Test_AddnewCustomer/Login Successful msg*******
03/14/2023 11:50:40 PM: INFO: ********Test_AddnewCustomer/test_addNewCustomer method*********
03/14/2023 11:50:47 PM: INFO: *******Test_AddnewCustomer/Login Successful msg*******
03/14/2023 11:53:03 PM: INFO: ********Test_AddnewCustomer/test_addNewCustomer method*********
03/14/2023 11:53:13 PM: INFO: *******Test_AddnewCustomer/Login Successful msg*******
03/14/2023 11:55:33 PM: INFO: ********Test_AddnewCustomer/test_addNewCustomer method*********
03/14/2023 11:55:42 PM: INFO: *******Test_AddnewCustomer/Login Successful msg*******
03/14/2023 11:56:49 PM: INFO: ********Test_AddnewCustomer/test_addNewCustomer method*********
03/14/2023 11:56:57 PM: INFO: *******Test_AddnewCustomer/Login Successful msg*******
03/15/2023 12:04:23 AM: INFO: ********Test_AddnewCustomer/test_addNewCustomer method*********
03/15/2023 12:04:31 AM: INFO: *******Test_AddnewCustomer/Login Successful msg*******
03/15/2023 12:06:25 AM: INFO: ********Test_AddnewCustomer/test_addNewCustomer method*********
03/15/2023 12:06:33 AM: INFO: *******Test_AddnewCustomer/Login Successful msg*******
03/15/2023 12:07:39 AM: INFO: ********Test_AddnewCustomer/test_addNewCustomer method*********
03/15/2023 12:07:49 AM: INFO: *******Test_AddnewCustomer/Login Successful msg*******
03/15/2023 12:10:21 AM: INFO: ********Test_AddnewCustomer/test_addNewCustomer method*********
03/15/2023 12:10:28 AM: INFO: *******Test_AddnewCustomer/Login Successful msg*******
03/15/2023 12:25:08 PM: INFO: ********Test_SearchCustomerbyEmail/test_searchCustomerbyEmail method*********
03/15/2023 12:25:16 PM: INFO: *******Test_SearchCustomerbyEmail/Login Successful msg*******
03/15/2023 12:25:19 PM: INFO: *******Test_SearchCustomerbyEmail/SearchCustomerbyEmail msg*******
03/15/2023 12:32:56 PM: INFO: ********Test_SearchCustomerbyEmail/test_searchCustomerbyEmail method*********
03/15/2023 12:33:03 PM: INFO: *******Test_SearchCustomerbyEmail/Login Successful msg*******
03/15/2023 12:33:07 PM: INFO: *******Test_SearchCustomerbyEmail/SearchCustomerbyEmail msg*******
03/15/2023 12:35:03 PM: INFO: ********Test_SearchCustomerbyEmail/test_searchCustomerbyEmail method*********
03/15/2023 12:35:08 PM: INFO: *******Test_SearchCustomerbyEmail/Login Successful msg*******
03/15/2023 12:35:12 PM: INFO: *******Test_SearchCustomerbyEmail/SearchCustomerbyEmail msg*******
03/15/2023 12:39:12 PM: INFO: ********Test_SearchCustomerbyEmail/test_searchCustomerbyEmail method*********
03/15/2023 12:39:20 PM: INFO: *******Test_SearchCustomerbyEmail/Login Successful msg*******
03/15/2023 12:39:23 PM: INFO: *******Test_SearchCustomerbyEmail/SearchCustomerbyEmail msg*******
03/15/2023 12:44:18 PM: INFO: ********Test_SearchCustomerbyEmail/test_searchCustomerbyEmail method*********
03/15/2023 12:44:25 PM: INFO: *******Test_SearchCustomerbyEmail/Login Successful msg*******
03/15/2023 12:44:28 PM: INFO: *******Test_SearchCustomerbyEmail/SearchCustomerbyEmail msg*******
03/15/2023 12:46:08 PM: INFO: ********Test_SearchCustomerbyEmail/test_searchCustomerbyEmail method*********
03/15/2023 12:46:15 PM: INFO: *******Test_SearchCustomerbyEmail/Login Successful msg*******
03/15/2023 12:46:19 PM: INFO: *******Test_SearchCustomerbyEmail/SearchCustomerbyEmail msg*******
03/15/2023 12:48:26 PM: INFO: ********Test_SearchCustomerbyEmail/test_searchCustomerbyEmail method*********
03/15/2023 12:48:32 PM: INFO: *******Test_SearchCustomerbyEmail/Login Successful msg*******
03/15/2023 12:48:35 PM: INFO: *******Test_SearchCustomerbyEmail/SearchCustomerbyEmail msg*******
03/15/2023 12:50:24 PM: INFO: ********Test_SearchCustomerbyEmail/test_searchCustomerbyEmail method*********
03/15/2023 12:50:30 PM: INFO: *******Test_SearchCustomerbyEmail/Login Successful msg*******
03/15/2023 12:50:36 PM: INFO: *******Test_SearchCustomerbyEmail/SearchCustomerbyEmail msg*******
03/15/2023 01:49:29 PM: INFO: ********Test_AddnewCustomer/test_addNewCustomer method*********
03/15/2023 01:49:38 PM: INFO: *******Test_AddnewCustomer/Login Successful msg*******
03/15/2023 01:51:10 PM: INFO: ********Test_AddnewCustomer/test_addNewCustomer method*********
03/15/2023 01:51:16 PM: INFO: *******Test_AddnewCustomer/Login Successful msg*******
03/15/2023 01:54:01 PM: INFO: ********Test_AddnewCustomer/test_addNewCustomer method*********
03/15/2023 01:54:09 PM: INFO: *******Test_AddnewCustomer/Login Successful msg*******
03/15/2023 01:55:17 PM: INFO: ********Test_AddnewCustomer/test_addNewCustomer method*********
03/15/2023 01:55:27 PM: INFO: *******Test_AddnewCustomer/Login Successful msg*******
03/15/2023 01:55:46 PM: INFO: ********Test_SearchCustomerbyEmail/test_searchCustomerbyEmail method*********
03/15/2023 01:55:51 PM: INFO: *******Test_SearchCustomerbyEmail/Login Successful msg*******
03/15/2023 01:55:55 PM: INFO: *******Test_SearchCustomerbyEmail/SearchCustomerbyEmail msg*******
03/15/2023 01:55:58 PM: INFO: ********Test_SearchCustomerbyEmail/test_searchCustomerbyEmail method*********
03/15/2023 01:56:04 PM: INFO: *******Test_SearchCustomerbyEmail/Login Successful msg*******
03/15/2023 01:56:10 PM: INFO: *******Test_SearchCustomerbyEmail/SearchCustomerbyEmail msg*******
03/15/2023 01:58:43 PM: INFO: ********Test_AddnewCustomer/test_addNewCustomer method*********
03/15/2023 01:58:51 PM: INFO: *******Test_AddnewCustomer/Login Successful msg*******
03/15/2023 01:59:13 PM: INFO: ********Test_SearchCustomerbyEmail/test_searchCustomerbyEmail method*********
03/15/2023 01:59:19 PM: INFO: *******Test_SearchCustomerbyEmail/Login Successful msg*******
03/15/2023 01:59:22 PM: INFO: *******Test_SearchCustomerbyEmail/SearchCustomerbyEmail msg*******
03/15/2023 01:59:24 PM: INFO: ********Test_SearchCustomerbyEmail/test_searchCustomerbyEmail method*********
03/15/2023 01:59:32 PM: INFO: *******Test_SearchCustomerbyEmail/Login Successful msg*******
03/15/2023 01:59:38 PM: INFO: *******Test_SearchCustomerbyEmail/SearchCustomerbyEmail msg*******
03/15/2023 02:45:48 PM: INFO: ********Test_AddnewCustomer/test_addNewCustomer method*********
03/15/2023 02:45:54 PM: INFO: *******Test_AddnewCustomer/Login Successful msg*******
